Performing C SOURCE FILE Test CMAKE_HAVE_LIBC_PTHREAD failed with the following output:
Change Dir: /home/masha/MashaIvanova5/workspace/projects/lab07/_builds/CMakeFiles/CMakeTmp

Run Build Command(s):/usr/bin/gmake cmTC_01271/fast && /usr/bin/gmake -f CMakeFiles/cmTC_01271.dir/build.make CMakeFiles/cmTC_01271.dir/build
gmake[1]: вход в каталог «/home/masha/MashaIvanova5/workspace/projects/lab07/_builds/CMakeFiles/CMakeTmp»
Building C object CMakeFiles/cmTC_01271.dir/src.c.o
/usr/bin/cc   -DCMAKE_HAVE_LIBC_PTHREAD   -o CMakeFiles/cmTC_01271.dir/src.c.o   -c /home/masha/MashaIvanova5/workspace/projects/lab07/_builds/CMakeFiles/CMakeTmp/src.c
Linking C executable cmTC_01271
/usr/bin/cmake -E cmake_link_script CMakeFiles/cmTC_01271.dir/link.txt --verbose=1
/usr/bin/cc  -DCMAKE_HAVE_LIBC_PTHREAD    CMakeFiles/cmTC_01271.dir/src.c.o  -o cmTC_01271 
/usr/bin/ld: CMakeFiles/cmTC_01271.dir/src.c.o: в функции «main»:
src.c:(.text+0x46): неопределённая ссылка на «pthread_create»
/usr/bin/ld: src.c:(.text+0x52): неопределённая ссылка на «pthread_detach»
/usr/bin/ld: src.c:(.text+0x63): неопределённая ссылка на «pthread_join»
collect2: error: ld returned 1 exit status
gmake[1]: *** [CMakeFiles/cmTC_01271.dir/build.make:87: cmTC_01271] Ошибка 1
gmake[1]: выход из каталога «/home/masha/MashaIvanova5/workspace/projects/lab07/_builds/CMakeFiles/CMakeTmp»
gmake: *** [Makefile:121: cmTC_01271/fast] Ошибка 2


Source file was:
#include <pthread.h>

void* test_func(void* data)
{
  return data;
}

int main(void)
{
  pthread_t thread;
  pthread_create(&thread, NULL, test_func, NULL);
  pthread_detach(thread);
  pthread_join(thread, NULL);
  pthread_atfork(NULL, NULL, NULL);
  pthread_exit(NULL);

  return 0;
}

Determining if the function pthread_create exists in the pthreads failed with the following output:
Change Dir: /home/masha/MashaIvanova5/workspace/projects/lab07/_builds/CMakeFiles/CMakeTmp

Run Build Command(s):/usr/bin/gmake cmTC_800e9/fast && /usr/bin/gmake -f CMakeFiles/cmTC_800e9.dir/build.make CMakeFiles/cmTC_800e9.dir/build
gmake[1]: вход в каталог «/home/masha/MashaIvanova5/workspace/projects/lab07/_builds/CMakeFiles/CMakeTmp»
Building C object CMakeFiles/cmTC_800e9.dir/CheckFunctionExists.c.o
/usr/bin/cc   -DCHECK_FUNCTION_EXISTS=pthread_create   -o CMakeFiles/cmTC_800e9.dir/CheckFunctionExists.c.o   -c /usr/share/cmake-3.16/Modules/CheckFunctionExists.c
Linking C executable cmTC_800e9
/usr/bin/cmake -E cmake_link_script CMakeFiles/cmTC_800e9.dir/link.txt --verbose=1
/usr/bin/cc  -DCHECK_FUNCTION_EXISTS=pthread_create    CMakeFiles/cmTC_800e9.dir/CheckFunctionExists.c.o  -o cmTC_800e9  -lpthreads 
/usr/bin/ld: невозможно найти -lpthreads
collect2: error: ld returned 1 exit status
gmake[1]: *** [CMakeFiles/cmTC_800e9.dir/build.make:87: cmTC_800e9] Ошибка 1
gmake[1]: выход из каталога «/home/masha/MashaIvanova5/workspace/projects/lab07/_builds/CMakeFiles/CMakeTmp»
gmake: *** [Makefile:121: cmTC_800e9/fast] Ошибка 2



